<?xml version="1.0" encoding="UTF-8"?>
<!-- Generated by org.testng.reporters.JUnitReportReporter -->
<testsuite hostname="LAPTOP-5TIHE3J8" failures="0" tests="4" name="Testo" time="293.587" errors="0" timestamp="2022-11-10T16:40:00 IST" skipped="0">
  <testcase classname="Testo" name="test1" time="86.584"/>
  <system-out/>
  <testcase classname="Testo" name="test2" time="33.874"/>
  <system-out/>
  <testcase classname="Testo" name="test1" time="87.294"/>
  <system-out/>
  <testcase classname="Testo" name="test1" time="85.835"/>
  <system-out/>
</testsuite> <!-- Testo -->
