<?xml version="1.0" encoding="UTF-8"?>
<!-- Generated by org.testng.reporters.JUnitReportReporter -->
<testsuite hostname="LAPTOP-5TIHE3J8" failures="0" tests="4" name="TestKSP" time="66.327" errors="0" timestamp="2023-01-06T12:45:25 IST" skipped="0">
  <testcase classname="TestKSP" name="test1" time="33.386"/>
  <system-out/>
  <testcase classname="TestKSP" name="test1" time="14.244"/>
  <system-out/>
  <testcase classname="TestKSP" name="test1" time="12.072"/>
  <system-out/>
  <testcase classname="TestKSP" name="test2" time="6.625"/>
  <system-out/>
</testsuite> <!-- TestKSP -->
