<?xml version="1.0" encoding="UTF-8"?>
<!-- Generated by org.testng.reporters.JUnitReportReporter -->
<testsuite hostname="LAPTOP-5TIHE3J8" failures="0" tests="4" name="TestKSP" time="259.515" errors="0" timestamp="2022-11-11T11:03:38 IST" skipped="0">
  <testcase classname="TestKSP" name="test1" time="76.021"/>
  <system-out/>
  <testcase classname="TestKSP" name="test1" time="77.143"/>
  <system-out/>
  <testcase classname="TestKSP" name="test1" time="75.105"/>
  <system-out/>
  <testcase classname="TestKSP" name="test2" time="31.246"/>
  <system-out/>
</testsuite> <!-- TestKSP -->
