<?xml version="1.0" encoding="UTF-8"?>
<!-- Generated by org.testng.reporters.JUnitReportReporter -->
<testsuite hostname="LAPTOP-5TIHE3J8" failures="0" tests="4" name="TestKSP" time="337.235" errors="0" timestamp="2022-11-11T23:43:27 IST" skipped="0">
  <testcase classname="TestKSP" name="test1" time="97.683"/>
  <system-out/>
  <testcase classname="TestKSP" name="test1" time="96.749"/>
  <system-out/>
  <testcase classname="TestKSP" name="test2" time="43.039"/>
  <system-out/>
  <testcase classname="TestKSP" name="test1" time="99.764"/>
  <system-out/>
</testsuite> <!-- TestKSP -->
