<?xml version="1.0" encoding="UTF-8"?>
<!-- Generated by org.testng.reporters.JUnitReportReporter -->
<testsuite hostname="LAPTOP-5TIHE3J8" failures="0" tests="1" name="pass" time="0.066" errors="0" timestamp="2022-11-09T18:12:39 IST" skipped="0">
  <testcase classname="pass" name="testProp" time="0.066"/>
  <system-out/>
</testsuite> <!-- pass -->
